<?xml version="1.0" encoding="UTF-8"?>
<!-- Generated by org.testng.reporters.JUnitXMLReporter -->
<testsuite ignored="0" hostname="PradeepSuresh" failures="0" tests="3" name="Default test" time="28.511" errors="0" timestamp="2024-04-20T18:12:21 IST">
  <testcase classname="app.generalstore.test.GeneralStoreTest" name="productPurchase" time="4.206"/>
  <testcase classname="app.generalstore.test.GeneralStoreTest" name="searchProduct" time="9.432"/>
  <testcase classname="app.generalstore.test.GeneralStoreTest" name="checkOut" time="6.077"/>
</testsuite> <!-- Default test -->
