<?xml version="1.0" encoding="UTF-8"?>
<testng-results ignored="0" total="1" passed="1" failed="0" skipped="0">
  <reporter-output>
  </reporter-output>
  <suite started-at="2024-04-19T13:42:58 IST" name="Default suite" finished-at="2024-04-19T13:43:24 IST" duration-ms="25925">
    <groups>
    </groups>
    <test started-at="2024-04-19T13:42:58 IST" name="Default test" finished-at="2024-04-19T13:43:24 IST" duration-ms="25925">
      <class name="app.generalstore.test.GeneralStoreTest">
        <test-method is-config="true" signature="andriodDriverSetup()[pri:0, instance:app.generalstore.test.GeneralStoreTest@202b0582]" started-at="2024-04-19T13:42:58 IST" name="andriodDriverSetup" finished-at="2024-04-19T13:43:04 IST" duration-ms="5875" status="PASS">
          <reporter-output>
          </reporter-output>
        </test-method> <!-- andriodDriverSetup -->
        <test-method signature="productPurchase()[pri:0, instance:app.generalstore.test.GeneralStoreTest@202b0582]" started-at="2024-04-19T13:43:04 IST" name="productPurchase" finished-at="2024-04-19T13:43:23 IST" duration-ms="19749" status="PASS">
          <reporter-output>
          </reporter-output>
        </test-method> <!-- productPurchase -->
        <test-method is-config="true" signature="serverStop()[pri:0, instance:app.generalstore.test.GeneralStoreTest@202b0582]" started-at="2024-04-19T13:43:23 IST" name="serverStop" finished-at="2024-04-19T13:43:24 IST" duration-ms="274" status="PASS">
          <reporter-output>
          </reporter-output>
        </test-method> <!-- serverStop -->
      </class> <!-- app.generalstore.test.GeneralStoreTest -->
    </test> <!-- Default test -->
  </suite> <!-- Default suite -->
</testng-results>
