<?xml version="1.0" encoding="UTF-8"?>
<testng-results ignored="0" total="3" passed="3" failed="0" skipped="0">
  <reporter-output>
  </reporter-output>
  <suite started-at="2024-04-20T18:11:52 IST" name="Default suite" finished-at="2024-04-20T18:12:21 IST" duration-ms="28511">
    <groups>
    </groups>
    <test started-at="2024-04-20T18:11:52 IST" name="Default test" finished-at="2024-04-20T18:12:21 IST" duration-ms="28511">
      <class name="app.generalstore.test.GeneralStoreTest">
        <test-method is-config="true" signature="andriodDriverSetup()[pri:0, instance:app.generalstore.test.GeneralStoreTest@2034b64c]" started-at="2024-04-20T18:11:52 IST" name="andriodDriverSetup" finished-at="2024-04-20T18:12:01 IST" duration-ms="8457" status="PASS">
          <reporter-output>
          </reporter-output>
        </test-method> <!-- andriodDriverSetup -->
        <test-method signature="productPurchase()[pri:0, instance:app.generalstore.test.GeneralStoreTest@2034b64c]" started-at="2024-04-20T18:12:01 IST" name="productPurchase" finished-at="2024-04-20T18:12:05 IST" duration-ms="4206" status="PASS">
          <reporter-output>
          </reporter-output>
        </test-method> <!-- productPurchase -->
        <test-method signature="searchProduct()[pri:0, instance:app.generalstore.test.GeneralStoreTest@2034b64c]" started-at="2024-04-20T18:12:05 IST" name="searchProduct" finished-at="2024-04-20T18:12:15 IST" depends-on-methods="app.generalstore.test.GeneralStoreTest.productPurchase" duration-ms="9432" status="PASS">
          <reporter-output>
          </reporter-output>
        </test-method> <!-- searchProduct -->
        <test-method signature="checkOut()[pri:0, instance:app.generalstore.test.GeneralStoreTest@2034b64c]" started-at="2024-04-20T18:12:15 IST" name="checkOut" finished-at="2024-04-20T18:12:21 IST" depends-on-methods="app.generalstore.test.GeneralStoreTest.searchProduct" duration-ms="6077" status="PASS">
          <reporter-output>
          </reporter-output>
        </test-method> <!-- checkOut -->
        <test-method is-config="true" signature="serverStop()[pri:0, instance:app.generalstore.test.GeneralStoreTest@2034b64c]" started-at="2024-04-20T18:12:21 IST" name="serverStop" finished-at="2024-04-20T18:12:21 IST" duration-ms="303" status="PASS">
          <reporter-output>
          </reporter-output>
        </test-method> <!-- serverStop -->
      </class> <!-- app.generalstore.test.GeneralStoreTest -->
    </test> <!-- Default test -->
  </suite> <!-- Default suite -->
</testng-results>
